{"/Users/yagnesh.modh/Projects/saama_react/src/Todos/styles.js": {"path":"/Users/yagnesh.modh/Projects/saama_react/src/Todos/styles.js","statementMap":{"0":{"start":{"line":1,"column":15},"end":{"line":32,"column":1}}},"fnMap":{},"branchMap":{},"s":{"0":1},"f":{},"b":{},"_coverageSchema":"1a1c01bbd47fc00a2c39e90264f33305004495a9","hash":"f6c8b9653effb3f57e963d62d8064c2c9a98e8ad"}
,"/Users/yagnesh.modh/Projects/saama_react/src/Todos/todoActions.js": {"path":"/Users/yagnesh.modh/Projects/saama_react/src/Todos/todoActions.js","statementMap":{"0":{"start":{"line":6,"column":20},"end":{"line":36,"column":1}},"1":{"start":{"line":7,"column":2},"end":{"line":7,"column":36}},"2":{"start":{"line":8,"column":2},"end":{"line":35,"column":4}},"3":{"start":{"line":14,"column":23},"end":{"line":14,"column":50}},"4":{"start":{"line":22,"column":23},"end":{"line":22,"column":50}},"5":{"start":{"line":30,"column":23},"end":{"line":30,"column":50}},"6":{"start":{"line":38,"column":0},"end":{"line":40,"column":2}}},"fnMap":{"0":{"name":"(anonymous_0)","decl":{"start":{"line":6,"column":20},"end":{"line":6,"column":21}},"loc":{"start":{"line":6,"column":42},"end":{"line":36,"column":1}},"line":6},"1":{"name":"(anonymous_1)","decl":{"start":{"line":14,"column":17},"end":{"line":14,"column":18}},"loc":{"start":{"line":14,"column":23},"end":{"line":14,"column":50}},"line":14},"2":{"name":"(anonymous_2)","decl":{"start":{"line":22,"column":17},"end":{"line":22,"column":18}},"loc":{"start":{"line":22,"column":23},"end":{"line":22,"column":50}},"line":22},"3":{"name":"(anonymous_3)","decl":{"start":{"line":30,"column":17},"end":{"line":30,"column":18}},"loc":{"start":{"line":30,"column":23},"end":{"line":30,"column":50}},"line":30}},"branchMap":{},"s":{"0":1,"1":5,"2":5,"3":1,"4":1,"5":1,"6":1},"f":{"0":5,"1":1,"2":1,"3":1},"b":{},"_coverageSchema":"1a1c01bbd47fc00a2c39e90264f33305004495a9","hash":"82c225c7b9d2a735dcb1a313e94b81f0455062ba"}
,"/Users/yagnesh.modh/Projects/saama_react/src/constants/index.js": {"path":"/Users/yagnesh.modh/Projects/saama_react/src/constants/index.js","statementMap":{"0":{"start":{"line":2,"column":26},"end":{"line":2,"column":57}}},"fnMap":{},"branchMap":{},"s":{"0":1},"f":{},"b":{},"_coverageSchema":"1a1c01bbd47fc00a2c39e90264f33305004495a9","hash":"183b0c0673a37f955c10de44fbf35bb13d11fc0d"}
}
